<?xml version="1.0" encoding="UTF-8"?>
<!-- Generated by org.testng.reporters.JUnitReportReporter -->
<testsuite hostname="MAVBCP3163" failures="0" tests="1" name="com.scuba.pageobjectmodel.ContactDetails" time="27.716" errors="0" timestamp="2021-12-09T18:06:38 IST" skipped="0">
  <testcase classname="com.scuba.pageobjectmodel.ContactDetails" name="f" time="27.716"/>
  <system-out/>
</testsuite> <!-- com.scuba.pageobjectmodel.ContactDetails -->
