<?xml version="1.0" encoding="UTF-8"?>
<!-- Generated by org.testng.reporters.JUnitReportReporter -->
<testsuite hostname="MAVBCP3163" failures="0" tests="1" name="com.scuba.pageobjectmodel.EmergencyDetails" time="26.886" errors="0" timestamp="2021-12-09T18:06:38 IST" skipped="0">
  <testcase classname="com.scuba.pageobjectmodel.EmergencyDetails" name="f" time="26.886"/>
  <system-out/>
</testsuite> <!-- com.scuba.pageobjectmodel.EmergencyDetails -->
